# JRE version: Java(TM) SE Runtime Environment (8.0_191-b12) (build 1.8.0_191-b12)
# Java VM: Java HotSpot(TM) Client VM (25.191-b12 mixed mode windows-x86 )
Heap:
 def new generation   total 157248K, used 60314K [0x05000000, 0x0faa0000, 0x0faa0000)
  eden space 139776K,  43% used [0x05000000, 0x08ae6898, 0x0d880000)
  from space 17472K,   0% used [0x0e990000, 0x0e990000, 0x0faa0000)
  to   space 17472K,   0% used [0x0d880000, 0x0d880000, 0x0e990000)
 tenured generation   total 349568K, used 300385K [0x0faa0000, 0x25000000, 0x25000000)
   the space 349568K,  85% used [0x0faa0000, 0x21ff8568, 0x21ff8600, 0x25000000)
 Metaspace       used 22563K, capacity 23111K, committed 23168K, reserved 23936K
GC Heap History (10 events):
Event: 20040.783 GC heap before
{Heap before GC invocations=9936 (full 8190):
 def new generation   total 157248K, used 154938K [0x05000000, 0x0faa0000, 0x0faa0000)
  eden space 139776K,  99% used [0x05000000, 0x0d7ea248, 0x0d880000)
  from space 17472K,  90% used [0x0e990000, 0x0f8f46a0, 0x0faa0000)
  to   space 17472K,   0% used [0x0d880000, 0x0d880000, 0x0e990000)
 tenured generation   total 349568K, used 163987K [0x0faa0000, 0x25000000, 0x25000000)
   the space 349568K,  46% used [0x0faa0000, 0x19ac4d80, 0x19ac4e00, 0x25000000)
 Metaspace       used 22563K, capacity 23111K, committed 23168K, reserved 23936K
Event: 20040.806 GC heap after
Heap after GC invocations=9937 (full 8190):
 def new generation   total 157248K, used 17450K [0x05000000, 0x0faa0000, 0x0faa0000)
  eden space 139776K,   0% used [0x05000000, 0x05000000, 0x0d880000)
  from space 17472K,  99% used [0x0d880000, 0x0e98a990, 0x0e990000)
  to   space 17472K,   0% used [0x0e990000, 0x0e990000, 0x0faa0000)
 tenured generation   total 349568K, used 201114K [0x0faa0000, 0x25000000, 0x25000000)
   the space 349568K,  57% used [0x0faa0000, 0x1bf068e8, 0x1bf06a00, 0x25000000)
 Metaspace       used 22563K, capacity 23111K, committed 23168K, reserved 23936K
}
Event: 20045.459 GC heap before
{Heap before GC invocations=9937 (full 8190):
 def new generation   total 157248K, used 155655K [0x05000000, 0x0faa0000, 0x0faa0000)
  eden space 139776K,  98% used [0x05000000, 0x0d6f7368, 0x0d880000)
  from space 17472K,  99% used [0x0d880000, 0x0e98a990, 0x0e990000)
  to   space 17472K,   0% used [0x0e990000, 0x0e990000, 0x0faa0000)
 tenured generation   total 349568K, used 201114K [0x0faa0000, 0x25000000, 0x25000000)
   the space 349568K,  57% used [0x0faa0000, 0x1bf068e8, 0x1bf06a00, 0x25000000)
 Metaspace       used 22563K, capacity 23111K, committed 23168K, reserved 23936K
Event: 20045.528 GC heap after
Heap after GC invocations=9938 (full 8190):
 def new generation   total 157248K, used 14263K [0x05000000, 0x0faa0000, 0x0faa0000)
  eden space 139776K,   0% used [0x05000000, 0x05000000, 0x0d880000)
  from space 17472K,  81% used [0x0e990000, 0x0f77df48, 0x0faa0000)
  to   space 17472K,   0% used [0x0d880000, 0x0d880000, 0x0e990000)
 tenured generation   total 349568K, used 276132K [0x0faa0000, 0x25000000, 0x25000000)
   the space 349568K,  78% used [0x0faa0000, 0x20849260, 0x20849400, 0x25000000)
 Metaspace       used 22563K, capacity 23111K, committed 23168K, reserved 23936K
}
Event: 20046.862 GC heap before
{Heap before GC invocations=9938 (full 8190):
 def new generation   total 157248K, used 142170K [0x05000000, 0x0faa0000, 0x0faa0000)
  eden space 139776K,  91% used [0x05000000, 0x0cce8a80, 0x0d880000)
  from space 17472K,  81% used [0x0e990000, 0x0f77df48, 0x0faa0000)
  to   space 17472K,   0% used [0x0d880000, 0x0d880000, 0x0e990000)
 tenured generation   total 349568K, used 276132K [0x0faa0000, 0x25000000, 0x25000000)
   the space 349568K,  78% used [0x0faa0000, 0x20849260, 0x20849400, 0x25000000)
 Metaspace       used 22563K, capacity 23111K, committed 23168K, reserved 23936K
Event: 20046.879 GC heap after
Heap after GC invocations=9939 (full 8190):
 def new generation   total 157248K, used 14753K [0x05000000, 0x0faa0000, 0x0faa0000)
  eden space 139776K,   0% used [0x05000000, 0x05000000, 0x0d880000)
  from space 17472K,  84% used [0x0d880000, 0x0e6e8468, 0x0e990000)
  to   space 17472K,   0% used [0x0e990000, 0x0e990000, 0x0faa0000)
 tenured generation   total 349568K, used 294590K [0x0faa0000, 0x25000000, 0x25000000)
   the space 349568K,  84% used [0x0faa0000, 0x21a4fb20, 0x21a4fc00, 0x25000000)
 Metaspace       used 22563K, capacity 23111K, committed 23168K, reserved 23936K
}
Event: 20047.688 GC heap before
{Heap before GC invocations=9939 (full 8190):
 def new generation   total 157248K, used 104467K [0x05000000, 0x0faa0000, 0x0faa0000)
  eden space 139776K,  64% used [0x05000000, 0x0a79ca30, 0x0d880000)
  from space 17472K,  84% used [0x0d880000, 0x0e6e8468, 0x0e990000)
  to   space 17472K,   0% used [0x0e990000, 0x0e990000, 0x0faa0000)
 tenured generation   total 349568K, used 294590K [0x0faa0000, 0x25000000, 0x25000000)
   the space 349568K,  84% used [0x0faa0000, 0x21a4fb20, 0x21a4fc00, 0x25000000)
 Metaspace       used 22563K, capacity 23111K, committed 23168K, reserved 23936K
Event: 20047.714 GC heap after
Heap after GC invocations=9940 (full 8190):
 def new generation   total 157248K, used 13729K [0x05000000, 0x0faa0000, 0x0faa0000)
  eden space 139776K,   0% used [0x05000000, 0x05000000, 0x0d880000)
  from space 17472K,  78% used [0x0e990000, 0x0f6f8508, 0x0faa0000)
  to   space 17472K,   0% used [0x0d880000, 0x0d880000, 0x0e990000)
 tenured generation   total 349568K, used 336794K [0x0faa0000, 0x25000000, 0x25000000)
   the space 349568K,  96% used [0x0faa0000, 0x24386ac0, 0x24386c00, 0x25000000)
 Metaspace       used 22563K, capacity 23111K, committed 23168K, reserved 23936K
}
Event: 20054.651 GC heap before
{Heap before GC invocations=9940 (full 8190):
 def new generation   total 157248K, used 139431K [0x05000000, 0x0faa0000, 0x0faa0000)
  eden space 139776K,  89% used [0x05000000, 0x0cac1968, 0x0d880000)
  from space 17472K,  78% used [0x0e990000, 0x0f6f8508, 0x0faa0000)
  to   space 17472K,   0% used [0x0d880000, 0x0d880000, 0x0e990000)
 tenured generation   total 349568K, used 336794K [0x0faa0000, 0x25000000, 0x25000000)
   the space 349568K,  96% used [0x0faa0000, 0x24386ac0, 0x24386c00, 0x25000000)
 Metaspace       used 22563K, capacity 23111K, committed 23168K, reserved 23936K
Event: 20055.110 GC heap after
Heap after GC invocations=9941 (full 8191):
 def new generation   total 157248K, used 0K [0x05000000, 0x0faa0000, 0x0faa0000)
  eden space 139776K,   0% used [0x05000000, 0x05000000, 0x0d880000)
  from space 17472K,   0% used [0x0e990000, 0x0e990000, 0x0faa0000)
  to   space 17472K,   0% used [0x0d880000, 0x0d880000, 0x0e990000)
 tenured generation   total 349568K, used 300385K [0x0faa0000, 0x25000000, 0x25000000)
   the space 349568K,  85% used [0x0faa0000, 0x21ff8568, 0x21ff8600, 0x25000000)
 Metaspace       used 22563K, capacity 23111K, committed 23168K, reserved 23936K
}

